-------------------------------------------------------------------------------
Test set: com.saucedemo.tests.FunctionalTest
-------------------------------------------------------------------------------
Tests run: 1, Failures: 1, Errors: 0, Skipped: 0, Time elapsed: 43.291 s <<< FAILURE! - in com.saucedemo.tests.FunctionalTest
com.saucedemo.tests.FunctionalTest.testCartFunctionality  Time elapsed: 43.286 s  <<< FAILURE!
org.opentest4j.AssertionFailedError: Cart count should be 1 after adding one item ==> expected: <1> but was: <0>
	at org.junit.jupiter.api.AssertionFailureBuilder.build(AssertionFailureBuilder.java:151)
	at org.junit.jupiter.api.AssertionFailureBuilder.buildAndThrow(AssertionFailureBuilder.java:132)
	at org.junit.jupiter.api.AssertEquals.failNotEqual(AssertEquals.java:197)
	at org.junit.jupiter.api.AssertEquals.assertEquals(AssertEquals.java:150)
	at org.junit.jupiter.api.Assertions.assertEquals(Assertions.java:563)
	at com.saucedemo.tests.FunctionalTest.testCartFunctionality(FunctionalTest.java:50)
	at java.base/java.lang.reflect.Method.invoke(Method.java:565)
	at java.base/java.util.ArrayList.forEach(ArrayList.java:1604)
	at java.base/java.util.ArrayList.forEach(ArrayList.java:1604)

